[13:19:42.018] [INFO] Storybook upgrade - v10.4.6
[13:19:42.028] [INFO] detect-projects-spinner-start: Detecting projects...
[13:19:42.030] [DEBUG] Finding Storybook projects...
[13:19:42.111] [DEBUG] Found 1 Storybook projects
[13:19:42.198] [INFO] detect-projects-spinner: Detecting projects: 1 projects
[13:19:42.198] [DEBUG] Getting Storybook data...
[13:19:42.198] [DEBUG] Getting Storybook info...
[13:19:42.215] [DEBUG] Loading main config...
[13:19:42.215] [DEBUG] Getting stories paths...
[13:19:42.291] [DEBUG] Getting package manager...
[13:19:42.400] [DEBUG] Command "yarn.cmd" not found, trying next variation...
[13:19:42.491] [DEBUG] Command "yarn.exe" not found, trying next variation...
[13:19:42.590] [DEBUG] Command "yarn.ps1" not found, trying next variation...
[13:19:43.333] [DEBUG] Getting package.json info for F:/myWorks/python/stake-games/web-sdk/apps/0_0_powerplinko/package.json...
[13:19:43.333] [DEBUG] Getting Storybook version...
[13:19:43.335] [DEBUG] Detecting CSF factory usage...
[13:19:43.355] [WARN] CSF Parsing error: Expected 'ObjectExpression' but found 'Identifier' instead in 'Identifier'.
[13:19:43.358] [DEBUG] F:/myWorks/python/stake-games/web-sdk/apps/0_0_powerplinko/.storybook - Validating before version... 9.0.15
[13:19:43.358] [DEBUG] F:/myWorks/python/stake-games/web-sdk/apps/0_0_powerplinko/.storybook - Validating upgrade compatibility...
[13:19:43.358] [DEBUG] F:/myWorks/python/stake-games/web-sdk/apps/0_0_powerplinko/.storybook - Fetching NPM version information...
[13:19:43.358] [DEBUG] Getting CLI versions from NPM for storybook...
[13:19:43.359] [DEBUG] Executing command: pnpm info storybook version
[13:19:43.361] [DEBUG] Resolved command variation: pnpm.cmd
[13:19:43.411] [DEBUG] Getting CLI versions from NPM for storybook@next...
[13:19:43.411] [DEBUG] Executing command: pnpm info storybook@next version
[13:19:43.414] [DEBUG] Resolved command variation: pnpm.cmd
[13:19:47.644] [DEBUG] F:/myWorks/python/stake-games/web-sdk/apps/0_0_powerplinko/.storybook - Evaluating blockers...
[13:19:47.801] [DEBUG] Getting installed version for @storybook/experimental-addon-test...
[13:19:47.840] [DEBUG] Executing command: pnpm list "@storybook/experimental-addon-test" --json --depth=99
[13:19:47.842] [DEBUG] Resolved command variation: pnpm.cmd
[13:19:48.718] [DEBUG] No installations found for @storybook/experimental-addon-test
[13:19:48.719] [INFO] detect-projects-spinner-stop: 1 project detected
[13:19:48.720] [DEBUG] Found 1 valid projects and 0 error projects
[13:19:48.720] [INFO] Upgrading from [1m9.0.15[22m to [1m10.4.6[22m
[13:19:48.721] [DEBUG] Executing command: pnpm config get minimumReleaseAge
[13:19:48.723] [DEBUG] Resolved command variation: pnpm.cmd
[13:19:49.312] [INFO] upgrade-dependencies-task-start: Fetching versions to update package.json files..
[13:19:49.312] [DEBUG] Updating dependencies in F:/myWorks/python/stake-games/web-sdk/apps/0_0_powerplinko/.storybook...
[13:19:49.312] [INFO] upgrade-dependencies-task: F:/myWorks/python/stake-games/web-sdk/apps/0_0_powerplinko/package.json
F:/myWorks/python/stake-games/web-sdk/package.json
[13:19:49.313] [DEBUG] Using cached package.json for F:\myWorks\python\stake-games\web-sdk\apps\0_0_powerplinko\package.json...
[13:19:49.314] [DEBUG] Getting CLI versions from NPM for @storybook/addon-svelte-csf...
[13:19:49.314] [DEBUG] Executing command: pnpm info @storybook/addon-svelte-csf version
[13:19:49.316] [DEBUG] Resolved command variation: pnpm.cmd
[13:19:51.836] [DEBUG] {
  "upgradedDependencies": []
}
[13:19:51.836] [DEBUG] {
  "upgradedDevDependencies": [
    "@storybook/addon-svelte-csf@5.1.2"
  ]
}
[13:19:51.836] [DEBUG] {
  "upgradedPeerDependencies": []
}
[13:19:51.836] [DEBUG] Getting package.json info for F:/myWorks/python/stake-games/web-sdk/apps/0_0_powerplinko/package.json...
[13:19:51.837] [DEBUG] Using cached package.json for F:\myWorks\python\stake-games\web-sdk\apps\0_0_powerplinko\package.json...
[13:19:51.837] [DEBUG] Using cached package.json for F:\myWorks\python\stake-games\web-sdk\apps\0_0_powerplinko\package.json...
[13:19:51.838] [DEBUG] Getting package.json info for F:/myWorks/python/stake-games/web-sdk/apps/0_0_powerplinko/package.json...
[13:19:51.838] [DEBUG] Using cached package.json for F:\myWorks\python\stake-games\web-sdk\apps\0_0_powerplinko\package.json...
[13:19:51.838] [DEBUG] Using cached version for @storybook/addon-svelte-csf...
[13:19:51.838] [DEBUG] Using cached package.json for F:\myWorks\python\stake-games\web-sdk\apps\0_0_powerplinko\package.json...
[13:19:51.839] [DEBUG] Getting package.json info for F:/myWorks/python/stake-games/web-sdk/apps/0_0_powerplinko/package.json...
[13:19:51.839] [DEBUG] Using cached package.json for F:\myWorks\python\stake-games\web-sdk\apps\0_0_powerplinko\package.json...
[13:19:51.839] [DEBUG] Using cached package.json for F:\myWorks\python\stake-games\web-sdk\apps\0_0_powerplinko\package.json...
[13:19:51.848] [DEBUG] Using cached package.json for F:\myWorks\python\stake-games\web-sdk\package.json...
[13:19:51.848] [DEBUG] {
  "upgradedDependencies": []
}
[13:19:51.848] [DEBUG] {
  "upgradedDevDependencies": []
}
[13:19:51.848] [DEBUG] {
  "upgradedPeerDependencies": []
}
[13:19:51.848] [DEBUG] Getting package.json info for F:/myWorks/python/stake-games/web-sdk/package.json...
[13:19:51.848] [DEBUG] Using cached package.json for F:\myWorks\python\stake-games\web-sdk\package.json...
[13:19:51.848] [DEBUG] Using cached package.json for F:\myWorks\python\stake-games\web-sdk\package.json...
[13:19:51.848] [DEBUG] Getting package.json info for F:/myWorks/python/stake-games/web-sdk/package.json...
[13:19:51.848] [DEBUG] Using cached package.json for F:\myWorks\python\stake-games\web-sdk\package.json...
[13:19:51.848] [DEBUG] Using cached package.json for F:\myWorks\python\stake-games\web-sdk\package.json...
[13:19:51.848] [DEBUG] Getting package.json info for F:/myWorks/python/stake-games/web-sdk/package.json...
[13:19:51.848] [DEBUG] Using cached package.json for F:\myWorks\python\stake-games\web-sdk\package.json...
[13:19:51.849] [DEBUG] Using cached package.json for F:\myWorks\python\stake-games\web-sdk\package.json...
[13:19:51.849] [INFO] upgrade-dependencies-task-success: Updated package versions in package.json files
[13:19:51.851] [INFO] detect-automigrations-task-start: Detecting automigrations...
[13:19:51.851] [DEBUG] Starting automigration collection across 1 projects and 22 fixes...
[13:19:51.852] [INFO] detect-automigrations-task: Checking automigrations for
F:/myWorks/python/stake-games/web-sdk/apps/0_0_powerplinko/.storybook...
[13:19:51.852] [DEBUG] Processing project: F:/myWorks/python/stake-games/web-sdk/apps/0_0_powerplinko/.storybook
[13:19:51.852] [DEBUG] Checking fix eslintPlugin for project F:/myWorks/python/stake-games/web-sdk/apps/0_0_powerplinko/.storybook...
[13:19:51.852] [DEBUG] Using cached package.json for F:\myWorks\python\stake-games\web-sdk\apps\0_0_powerplinko\package.json...
[13:19:51.852] [DEBUG] Using cached package.json for F:\myWorks\python\stake-games\web-sdk\package.json...
[13:19:51.852] [DEBUG] Using cached package.json for F:\myWorks\python\stake-games\web-sdk\apps\0_0_powerplinko\package.json...
[13:19:51.855] [DEBUG] Checking fix addon-mdx-gfm-remove for project F:/myWorks/python/stake-games/web-sdk/apps/0_0_powerplinko/.storybook...
[13:19:51.855] [DEBUG] Using cached package.json for F:\myWorks\python\stake-games\web-sdk\apps\0_0_powerplinko\package.json...
[13:19:51.855] [DEBUG] Using cached package.json for F:\myWorks\python\stake-games\web-sdk\package.json...
[13:19:51.855] [DEBUG] Checking fix addon-storysource-code-panel for project F:/myWorks/python/stake-games/web-sdk/apps/0_0_powerplinko/.storybook...
[13:19:51.855] [DEBUG] Checking fix upgrade-storybook-related-dependencies for project F:/myWorks/python/stake-games/web-sdk/apps/0_0_powerplinko/.storybook...
[13:19:51.856] [DEBUG] Checking for incompatible storybook packages...
[13:19:51.856] [DEBUG] Using cached package.json for F:\myWorks\python\stake-games\web-sdk\apps\0_0_powerplinko\package.json...
[13:19:51.856] [DEBUG] Using cached package.json for F:\myWorks\python\stake-games\web-sdk\package.json...
[13:19:51.860] [DEBUG] Using cached package.json for F:\myWorks\python\stake-games\web-sdk\apps\0_0_powerplinko\package.json...
[13:19:51.860] [DEBUG] Using cached package.json for F:\myWorks\python\stake-games\web-sdk\package.json...
[13:19:51.861] [DEBUG] Skipping components-storybook as it does not have a valid version type: workspace:*
[13:19:51.861] [DEBUG] Skipping config-storybook as it does not have a valid version type: workspace:*
[13:19:51.861] [DEBUG] Skipping components-storybook as it does not have a valid version type: workspace:*
[13:19:51.861] [DEBUG] Checking fix initial-globals for project F:/myWorks/python/stake-games/web-sdk/apps/0_0_powerplinko/.storybook...
[13:19:51.865] [WARN] CSF Parsing error: Expected 'ObjectExpression' but found 'Identifier' instead in 'Identifier'.
[13:19:51.866] [DEBUG] Checking fix addon-globals-api for project F:/myWorks/python/stake-games/web-sdk/apps/0_0_powerplinko/.storybook...
[13:19:51.868] [WARN] CSF Parsing error: Expected 'ObjectExpression' but found 'Identifier' instead in 'Identifier'.
[13:19:51.869] [DEBUG] Checking fix addon-a11y-addon-test for project F:/myWorks/python/stake-games/web-sdk/apps/0_0_powerplinko/.storybook...
[13:19:51.869] [DEBUG] Checking fix consolidated-imports for project F:/myWorks/python/stake-games/web-sdk/apps/0_0_powerplinko/.storybook...
[13:19:51.870] [DEBUG] Checking fix addon-experimental-test for project F:/myWorks/python/stake-games/web-sdk/apps/0_0_powerplinko/.storybook...
[13:19:51.870] [DEBUG] Using cached installed version for @storybook/experimental-addon-test...
[13:19:51.870] [DEBUG] Checking fix rnstorybook-config for project F:/myWorks/python/stake-games/web-sdk/apps/0_0_powerplinko/.storybook...
[13:19:51.871] [DEBUG] Using cached package.json for F:\myWorks\python\stake-games\web-sdk\apps\0_0_powerplinko\package.json...
[13:19:51.871] [DEBUG] Using cached package.json for F:\myWorks\python\stake-games\web-sdk\package.json...
[13:19:51.871] [DEBUG] Checking fix rn-ondevice-addons-to-device-addons for project F:/myWorks/python/stake-games/web-sdk/apps/0_0_powerplinko/.storybook...
[13:19:51.871] [DEBUG] Using cached package.json for F:\myWorks\python\stake-games\web-sdk\apps\0_0_powerplinko\package.json...
[13:19:51.871] [DEBUG] Using cached package.json for F:\myWorks\python\stake-games\web-sdk\package.json...
[13:19:51.871] [DEBUG] Checking fix migrate-addon-console for project F:/myWorks/python/stake-games/web-sdk/apps/0_0_powerplinko/.storybook...
[13:19:51.871] [DEBUG] Using cached package.json for F:\myWorks\python\stake-games\web-sdk\apps\0_0_powerplinko\package.json...
[13:19:51.871] [DEBUG] Using cached package.json for F:\myWorks\python\stake-games\web-sdk\package.json...
[13:19:51.871] [DEBUG] Checking fix nextjs-to-nextjs-vite for project F:/myWorks/python/stake-games/web-sdk/apps/0_0_powerplinko/.storybook...
[13:19:51.871] [DEBUG] Using cached package.json for F:\myWorks\python\stake-games\web-sdk\apps\0_0_powerplinko\package.json...
[13:19:51.871] [DEBUG] Using cached package.json for F:\myWorks\python\stake-games\web-sdk\package.json...
[13:19:51.871] [DEBUG] Checking fix react-vite-to-tanstack-react for project F:/myWorks/python/stake-games/web-sdk/apps/0_0_powerplinko/.storybook...
[13:19:51.871] [DEBUG] Using cached package.json for F:\myWorks\python\stake-games\web-sdk\apps\0_0_powerplinko\package.json...
[13:19:51.871] [DEBUG] Using cached package.json for F:\myWorks\python\stake-games\web-sdk\package.json...
[13:19:51.871] [DEBUG] Checking fix remove-addon-interactions for project F:/myWorks/python/stake-games/web-sdk/apps/0_0_powerplinko/.storybook...
[13:19:51.871] [DEBUG] Using cached package.json for F:\myWorks\python\stake-games\web-sdk\apps\0_0_powerplinko\package.json...
[13:19:51.871] [DEBUG] Using cached package.json for F:\myWorks\python\stake-games\web-sdk\package.json...
[13:19:51.871] [DEBUG] Checking fix renderer-to-framework for project F:/myWorks/python/stake-games/web-sdk/apps/0_0_powerplinko/.storybook...
[13:19:51.872] [DEBUG] Checking fix remove-essential-addons for project F:/myWorks/python/stake-games/web-sdk/apps/0_0_powerplinko/.storybook...
[13:19:51.872] [DEBUG] Using cached package.json for F:\myWorks\python\stake-games\web-sdk\apps\0_0_powerplinko\package.json...
[13:19:51.872] [DEBUG] Using cached package.json for F:\myWorks\python\stake-games\web-sdk\package.json...
[13:19:51.872] [DEBUG] Checking fix addon-a11y-parameters for project F:/myWorks/python/stake-games/web-sdk/apps/0_0_powerplinko/.storybook...
[13:19:51.873] [DEBUG] Checking fix remove-docs-autodocs for project F:/myWorks/python/stake-games/web-sdk/apps/0_0_powerplinko/.storybook...
[13:19:51.875] [DEBUG] Checking fix wrap-getAbsolutePath for project F:/myWorks/python/stake-games/web-sdk/apps/0_0_powerplinko/.storybook...
[13:19:51.879] [DEBUG] Checking fix fix-faux-esm-require for project F:/myWorks/python/stake-games/web-sdk/apps/0_0_powerplinko/.storybook...
[13:19:51.880] [DEBUG] Checking fix storybookPackageNameConflict for project F:/myWorks/python/stake-games/web-sdk/apps/0_0_powerplinko/.storybook...
[13:19:51.881] [DEBUG] Using cached package.json for F:\myWorks\python\stake-games\web-sdk\apps\0_0_powerplinko\package.json...
[13:19:51.881] [INFO] detect-automigrations-task: 
Automigrations detected:
[13:19:51.884] [INFO] detect-automigrations-task: [32m[32m✔[32m eslintPlugin[39m
[13:19:51.885] [INFO] detect-automigrations-task-success: 1 automigration(s) detected
[13:20:12.661] [PROMPT] Select automigrations to run {"choice":["eslintPlugin"]}
[13:20:12.662] [INFO] automigrate-F:/myWorks/python/stake-games/web-sdk/apps/0_0_powerplinko/.storybook-task-start: Running automigrations for F:/myWorks/python/stake-games/web-sdk/apps/0_0_powerplinko/.storybook
[13:20:12.662] [DEBUG] Adding dependencies: eslint-plugin-storybook@10.4.6
[13:20:12.662] [DEBUG] Using cached package.json for F:\myWorks\python\stake-games\web-sdk\apps\0_0_powerplinko\package.json...
[13:20:12.662] [DEBUG] Getting CLI versions from NPM for eslint-plugin-storybook...
[13:20:12.662] [DEBUG] Executing command: pnpm info eslint-plugin-storybook version
[13:20:12.664] [DEBUG] Resolved command variation: pnpm.cmd
[13:20:14.924] [DEBUG] Using cached package.json for F:\myWorks\python\stake-games\web-sdk\apps\0_0_powerplinko\package.json...
[13:20:14.939] [INFO] automigrate-F:/myWorks/python/stake-games/web-sdk/apps/0_0_powerplinko/.storybook-task: [32m[32m✔[32m eslintPlugin[39m
[13:20:14.940] [INFO] automigrate-F:/myWorks/python/stake-games/web-sdk/apps/0_0_powerplinko/.storybook-task-success: Completed automigrations for F:/myWorks/python/stake-games/web-sdk/apps/0_0_powerplinko/.storybook
[13:20:14.941] [INFO] Installing dependencies...
[13:20:14.941] [INFO] install-dependencies-spinner-start: Installing dependencies...
[13:20:14.942] [DEBUG] Executing command: pnpm install
[13:20:14.944] [DEBUG] Resolved command variation: pnpm.cmd
[13:20:15.596] [INFO] Installing dependencies...: Scope: all 37 workspace projects

[13:20:15.596] [INFO] install-dependencies-spinner: Installing dependencies...: Scope: all 37 workspace p
[13:20:16.089] [INFO] Installing dependencies...: ../..                                    | Progress: resolved 1, reused 0, downloaded 0, added 0

[13:20:16.089] [INFO] install-dependencies-spinner: Installing dependencies...: ../..                    
[13:20:17.108] [INFO] Installing dependencies...: ../..                                    | Progress: resolved 9, reused 7, downloaded 0, added 0

[13:20:17.108] [INFO] install-dependencies-spinner: Installing dependencies...: ../..                    
[13:20:18.120] [INFO] Installing dependencies...: ../..                                    | Progress: resolved 16, reused 14, downloaded 0, added 0

[13:20:18.120] [INFO] install-dependencies-spinner: Installing dependencies...: ../..                    
[13:20:19.143] [INFO] Installing dependencies...: ../..                                    | Progress: resolved 33, reused 31, downloaded 0, added 0

[13:20:19.143] [INFO] install-dependencies-spinner: Installing dependencies...: ../..                    
[13:20:20.152] [INFO] Installing dependencies...: ../..                                    | Progress: resolved 43, reused 41, downloaded 1, added 0

[13:20:20.152] [INFO] install-dependencies-spinner: Installing dependencies...: ../..                    
[13:20:21.154] [INFO] Installing dependencies...: ../..                                    | Progress: resolved 157, reused 109, downloaded 1, added 0

[13:20:21.154] [INFO] install-dependencies-spinner: Installing dependencies...: ../..                    
[13:20:22.157] [INFO] Installing dependencies...: ../..                                    | Progress: resolved 265, reused 191, downloaded 2, added 0

[13:20:22.157] [INFO] install-dependencies-spinner: Installing dependencies...: ../..                    
[13:20:23.157] [INFO] Installing dependencies...: ../..                                    | Progress: resolved 369, reused 299, downloaded 2, added 0

[13:20:23.157] [INFO] install-dependencies-spinner: Installing dependencies...: ../..                    
[13:20:24.165] [INFO] Installing dependencies...: ../..                                    | Progress: resolved 496, reused 402, downloaded 2, added 0

[13:20:24.165] [INFO] install-dependencies-spinner: Installing dependencies...: ../..                    
[13:20:25.167] [INFO] Installing dependencies...: ../..                                    | Progress: resolved 558, reused 462, downloaded 2, added 0

[13:20:25.167] [INFO] install-dependencies-spinner: Installing dependencies...: ../..                    
[13:20:26.168] [INFO] Installing dependencies...: ../..                                    | Progress: resolved 561, reused 466, downloaded 5, added 0

[13:20:26.168] [INFO] install-dependencies-spinner: Installing dependencies...: ../..                    
[13:20:27.908] [INFO] Installing dependencies...: ../..                                    | Progress: resolved 562, reused 466, downloaded 5, added 0

[13:20:27.908] [INFO] install-dependencies-spinner: Installing dependencies...: ../..                    
[13:20:28.909] [INFO] Installing dependencies...: ../..                                    | Progress: resolved 570, reused 466, downloaded 13, added 0

[13:20:28.909] [INFO] install-dependencies-spinner: Installing dependencies...: ../..                    
[13:20:29.954] [INFO] Installing dependencies...: ../..                                    | Progress: resolved 578, reused 468, downloaded 19, added 0

[13:20:29.954] [INFO] install-dependencies-spinner: Installing dependencies...: ../..                    
[13:20:30.978] [INFO] Installing dependencies...: ../..                                    | Progress: resolved 584, reused 474, downloaded 19, added 0

[13:20:30.978] [INFO] install-dependencies-spinner: Installing dependencies...: ../..                    
[13:20:32.126] [INFO] Installing dependencies...: ../..                                    | Progress: resolved 603, reused 488, downloaded 19, added 0

[13:20:32.126] [INFO] install-dependencies-spinner: Installing dependencies...: ../..                    
[13:20:33.043] [INFO] Installing dependencies...: ../..                                    | Progress: resolved 611, reused 496, downloaded 20, added 0

[13:20:33.043] [INFO] install-dependencies-spinner: Installing dependencies...: ../..                    
[13:20:34.056] [INFO] Installing dependencies...: ../..                                    | Progress: resolved 627, reused 497, downloaded 20, added 0

[13:20:34.056] [INFO] install-dependencies-spinner: Installing dependencies...: ../..                    
[13:20:34.259] [INFO] Installing dependencies...:  WARN  1 deprecated subdependencies found: lodash.get@4.4.2

[13:20:34.259] [INFO] install-dependencies-spinner: Installing dependencies...: WARN  1 deprecated subdep
[13:20:34.314] [INFO] Installing dependencies...: ../..                                    |  +25 +++

[13:20:34.314] [INFO] install-dependencies-spinner: Installing dependencies...: ../..                    
[13:20:35.060] [INFO] Installing dependencies...: ../..                                    | Progress: resolved 627, reused 497, downloaded 20, added 20

[13:20:35.060] [INFO] install-dependencies-spinner: Installing dependencies...: ../..                    
[13:20:40.817] [INFO] Installing dependencies...: ../..                                    | Progress: resolved 627, reused 497, downloaded 20, added 20, done

[13:20:40.817] [INFO] install-dependencies-spinner: Installing dependencies...: ../..                    
[13:20:43.357] [INFO] Installing dependencies...:  WARN  Issues with peer dependencies found
apps/0_0_powerplinko
└─┬ eslint-plugin-storybook 10.4.6
  └── ✕ unmet peer storybook@^10.4.6: found 9.0.15

packages/components-storybook
└─┬ @chromatic-com/storybook 3.2.5
  └── ✕ unmet peer storybook@"^8.2.0 || ^8.3.0-0 || ^8.4.0-0 || ^8.5.0-0 || ^8.6.0-0": found 9.0.15

packages/state-shared
├─┬ @sveltejs/kit 2.17.3
│ └── ✕ unmet peer vite@"^5.0.3 || ^6.0.0": found 7.0.0
└─┬ @sveltejs/vite-plugin-svelte 5.1.0
  ├── ✕ unmet peer vite@^6.0.0: found 7.0.0
  └─┬ @sveltejs/vite-plugin-svelte-inspector 4.0.1
    └── ✕ unmet peer vite@^6.0.0: found 7.0.0

[13:20:43.357] [INFO] install-dependencies-spinner: Installing dependencies...: WARN  Issues with peer de
[13:20:43.358] [INFO] Installing dependencies...: 
dependencies:
+ @lingui/core 5.2.0
+ @sveltejs/kit 2.17.3
+ @types/lodash 4.17.16
+ components-layout 0.0.0 <- ..\..\packages\components-layout
+ components-pixi 0.0.0 <- ..\..\packages\components-pixi
+ components-shared 0.0.0 <- ..\..\packages\components-shared
+ components-storybook 0.1.1 <- ..\..\packages\components-storybook
+ components-ui-html 0.0.0 <- ..\..\packages\components-ui-html
+ components-ui-pixi 0.0.0 <- ..\..\packages\components-ui-pixi
+ constants-shared 0.0.0 <- ..\..\packages\constants-shared
+ envs 0.0.0 <- ..\..\packages\envs
+ lodash 4.17.16
+ pixi-svelte 2.1.0 <- ..\..\packages\pixi-svelte
+ rgs-requests 0.0.0 <- ..\..\packages\rgs-requests
+ state-shared 0.0.0 <- ..\..\packages\state-shared
+ svelte 5.20.5
+ utils-bet 0.0.0 <- ..\..\packages\utils-bet
+ utils-book 0.0.0 <- ..\..\packages\utils-book
+ utils-event-emitter 0.0.0 <- ..\..\packages\utils-event-emitter
+ utils-layout 0.0.0 <- ..\..\packages\utils-layout
+ utils-shared 0.0.0 <- ..\..\packages\utils-shared
+ utils-slots 0.0.0 <- ..\..\packages\utils-slots
+ utils-sound 0.0.0 <- ..\..\packages\utils-sound
+ utils-xstate 0.0.0 <- ..\..\packages\utils-xstate
+ vite 6.2.0

devDependencies:
- @storybook/addon-svelte-csf 5.0.5
+ @storybook/addon-svelte-csf 5.1.2
+ @sveltejs/vite-plugin-svelte 5.0.3
+ chromatic 11.26.1
+ config-lingui 0.0.1 <- ..\..\packages\config-lingui
+ config-storybook 0.0.0 <- ..\..\packages\config-storybook
+ config-svelte 0.0.0 <- ..\..\packages\config-svelte
+ config-ts 0.0.0 <- ..\..\packages\config-ts
+ config-vite 0.0.0 <- ..\..\packages\config-vite
+ eslint 9.21.0
+ eslint-config-custom 0.0.0 <- ..\..\packages\eslint-config-custom
+ eslint-plugin-storybook 10.4.6


[13:20:43.358] [INFO] install-dependencies-spinner: Installing dependencies...: dependencies:
+ @lingui/c
[13:20:43.362] [INFO] Installing dependencies...: Done in 28.2s using pnpm v10.5.0

[13:20:43.362] [INFO] install-dependencies-spinner: Installing dependencies...: Done in 28.2s using pnpm 
[13:20:43.414] [INFO] Dependencies installed
[13:20:43.414] [INFO] install-dependencies-spinner-stop: Dependencies installed
[13:20:43.415] [WARN] Since you are in a monorepo, we advise you to deduplicate your dependencies. We can do this for you but it might take some time.
[13:23:10.099] [PROMPT] Execute pnpm run dedupe? {"choice":false}
[13:23:10.099] [INFO] If you find any issues running Storybook, you can run pnpm run dedupe manually to deduplicate your dependencies and try again.
[13:23:10.102] [INFO] Checking the health of your project(s)..
[13:23:10.104] [DEBUG] Using cached package.json for F:\myWorks\python\stake-games\web-sdk\apps\0_0_powerplinko\package.json...
[13:23:10.104] [DEBUG] Using cached package.json for F:\myWorks\python\stake-games\web-sdk\package.json...
[13:23:10.107] [DEBUG] Executing command: pnpm list "@storybook/*" "storybook" --json --depth=99
[13:23:10.152] [DEBUG] Resolved command variation: pnpm.cmd
[13:23:10.945] [WARN] F:/myWorks/python/stake-games/web-sdk/apps/0_0_powerplinko/.storybook: 2 issues found
[13:23:10.946] [INFO] The "storybook" package was not found in your package.json.
Installing "storybook" as a direct dev dependency in your package.json is required.
[13:23:10.947] [INFO] You are currently using Storybook [1m10.4.6[22m but you have packages which are incompatible with it:

- components-storybook@0.1.1 which depends on 9.0.15

Please consider updating your packages or contacting the maintainers for compatibility details.

For more details on compatibility guidance, see:
https://github.com/storybookjs/storybook/issues/32836
[13:23:10.950] [INFO] Storybook doctor is complete!
[13:23:10.951] [INFO] You can always recheck the health of your project(s) by running:
[36mnpx storybook doctor[39m
[13:23:10.953] [INFO] [33mYour project(s) have been upgraded successfully, but some issues were found which need your attention, please check Storybook doctor logs above.[39m
[13:23:10.956] [INFO] If you want to learn more about the automigrations that executed in your project(s), please check the following links:
• ]8;;https://storybook.js.org/docs/configure/integration/eslint-plugineslintPlugin]8;;
[13:23:10.958] [INFO] For a full list of changes, please check our migration guide: [36mhttps://storybook.js.org/docs/releases/migration-guide?ref=upgrade[39m
[13:23:10.961] [INFO] Storybook collects completely anonymous usage telemetry. We use it to shape Storybook's roadmap and prioritize features. You can learn more, including how to opt out, at https://storybook.js.org/telemetry
[13:23:11.588] [WARN] CSF Parsing error: Expected 'ObjectExpression' but found 'Identifier' instead in 'Identifier'.
[13:23:14.920] [INFO] Storybook upgrade completed!